<?xml version="1.0" encoding="UTF-8"?>
<!-- Generated by org.testng.reporters.JUnitReportReporter -->
<testsuite skipped="0" hostname="ArchanaVeeru-PC" name="org.archana.selenium_tests.BootStrapDropDown" tests="1" failures="0" timestamp="2020-03-02T11:03:50 PST" time="10.947" errors="0">
  <testcase name="DropDown" time="10.947" classname="org.archana.selenium_tests.BootStrapDropDown"/>
</testsuite> <!-- org.archana.selenium_tests.BootStrapDropDown -->
