<?xml version="1.0" encoding="UTF-8"?>
<!-- Generated by org.testng.reporters.JUnitReportReporter -->
<testsuite skipped="0" hostname="ArchanaVeeru-PC" name="org.archana.selenium_tests.Highlight_Text" tests="1" failures="0" timestamp="2020-02-05T15:24:57 PST" time="7.032" errors="0">
  <testcase name="highlightText" time="7.032" classname="org.archana.selenium_tests.Highlight_Text"/>
</testsuite> <!-- org.archana.selenium_tests.Highlight_Text -->
