<?xml version="1.0" encoding="UTF-8"?>
<!-- Generated by org.testng.reporters.JUnitReportReporter -->
<testsuite skipped="0" hostname="ArchanaVeeru-PC" name="org.archana.selenium_tests.GoogleSearch" tests="1" failures="0" timestamp="2020-02-24T20:47:23 PST" time="12.017" errors="0">
  <testcase name="search" time="12.017" classname="org.archana.selenium_tests.GoogleSearch"/>
</testsuite> <!-- org.archana.selenium_tests.GoogleSearch -->
