<?xml version="1.0" encoding="UTF-8"?>
<!-- Generated by org.testng.reporters.JUnitReportReporter -->
<testsuite skipped="0" hostname="ArchanaVeeru-PC" name="org.archana.selenium_tests.Js_Alert" tests="1" failures="0" timestamp="2020-02-05T20:13:17 PST" time="8.073" errors="0">
  <testcase name="alertJs" time="8.073" classname="org.archana.selenium_tests.Js_Alert"/>
</testsuite> <!-- org.archana.selenium_tests.Js_Alert -->
