<?xml version="1.0" encoding="UTF-8"?>
<!-- Generated by org.testng.reporters.JUnitReportReporter -->
<testsuite skipped="0" hostname="ArchanaVeeru-PC" name="org.archana.selenium_tests.Demo" tests="1" failures="0" timestamp="2020-02-05T10:31:21 PST" time="10.392" errors="0">
  <testcase name="demo" time="10.392" classname="org.archana.selenium_tests.Demo"/>
</testsuite> <!-- org.archana.selenium_tests.Demo -->
