<?xml version="1.0" encoding="UTF-8"?>
<!-- Generated by org.testng.reporters.JUnitReportReporter -->
<testsuite skipped="0" hostname="ArchanaVeeru-PC" name="org.archana.selenium_tests.Log4j" tests="1" failures="0" timestamp="2020-03-02T11:28:27 PST" time="24.178" errors="0">
  <testcase name="JavaScript" time="24.178" classname="org.archana.selenium_tests.Log4j"/>
</testsuite> <!-- org.archana.selenium_tests.Log4j -->
