<?xml version="1.0" encoding="UTF-8"?>
<!-- Generated by org.testng.reporters.JUnitReportReporter -->
<testsuite skipped="0" hostname="ArchanaVeeru-PC" name="org.archana.selenium_tests.JavaScript_Handling" tests="1" failures="0" timestamp="2020-02-24T20:26:47 PST" time="24.033" errors="0">
  <testcase name="JavaScript" time="24.033" classname="org.archana.selenium_tests.JavaScript_Handling"/>
</testsuite> <!-- org.archana.selenium_tests.JavaScript_Handling -->
