<?xml version="1.0" encoding="UTF-8"?>
<!-- Generated by org.testng.reporters.JUnitReportReporter -->
<testsuite skipped="0" hostname="ArchanaVeeru-PC" name="org.archana.selenium_tests.ExtentReportScreenshot" tests="1" failures="0" timestamp="2020-03-02T09:35:38 PST" time="6.669" errors="0">
  <testcase name="extentreport" time="6.669" classname="org.archana.selenium_tests.ExtentReportScreenshot"/>
</testsuite> <!-- org.archana.selenium_tests.ExtentReportScreenshot -->
