<?xml version="1.0" encoding="UTF-8"?>
<!-- Generated by org.testng.reporters.JUnitReportReporter -->
<testsuite skipped="0" hostname="ArchanaVeeru-PC" name="org.archana.selenium_tests.BrokenLinks" tests="1" failures="0" timestamp="2020-03-02T11:14:19 PST" time="39.945" errors="0">
  <testcase name="links" time="39.945" classname="org.archana.selenium_tests.BrokenLinks"/>
</testsuite> <!-- org.archana.selenium_tests.BrokenLinks -->
