<?xml version="1.0" encoding="UTF-8"?>
<!-- Generated by org.testng.reporters.JUnitReportReporter -->
<testsuite skipped="0" hostname="ArchanaVeeru-PC" name="org.archana.selenium_tests.Calendar" tests="1" failures="0" timestamp="2020-03-05T09:13:20 PST" time="23.292" errors="0">
  <testcase name="calendar1" time="23.292" classname="org.archana.selenium_tests.Calendar"/>
</testsuite> <!-- org.archana.selenium_tests.Calendar -->
