<?xml version="1.0" encoding="UTF-8"?>
<!-- Generated by org.testng.reporters.JUnitReportReporter -->
<testsuite skipped="0" hostname="ArchanaVeeru-PC" name="org.archana.selenium_tests.WebTable" tests="1" failures="0" timestamp="2020-02-26T21:26:58 PST" time="12.768" errors="0">
  <testcase name="dynamicWebTable" time="12.768" classname="org.archana.selenium_tests.WebTable"/>
</testsuite> <!-- org.archana.selenium_tests.WebTable -->
